PCAD Importer Log
Project : 632723130112.LibPkg

Section : D:\OneDrive - University of Canterbury\Work\CubeSat Home\Hardware\datasheets\Connectors\USB C\632723130112.lia
    Section : PCB Library - 632723130112.PcbLib
        Section : Load Messages
            Warning - 1 : Skipping Token isVisible On Line 176
            Warning - 1 : Skipping Token isVisible On Line 177
            Warning - 1 : Skipping Token isVisible On Line 445
            Warning - 1 : Skipping Token isVisible On Line 446
            Warning - 1 : Skipping Token isVisible On Line 447
            Warning - 1 : Skipping Token isVisible On Line 448
            Warning - 1 : Skipping Token isVisible On Line 731
            Warning - 1 : Skipping Token isVisible On Line 732
            Warning - 1 : Skipping Token isVisible On Line 733
            Warning - 1 : Skipping Token isVisible On Line 734
            Warning - 1 : Skipping Token isVisible On Line 1362
            Warning - 1 : Skipping Token isVisible On Line 1363
            Warning - 1 : Skipping Token USB3.1_TYPEC On Line 1889
            Warning - 1 : Skipping Token attachedSymbol On Line 2197
        EndSection

        Section : Import Messages
            Warning - 0 : PCAD Pattern Graphics [*632723130112][Primary] associated with PCAD Component [632723130112] has been renamed to PCB FootPrint [*632723130112_632723130112(Primary)].
        EndSection
    EndSection

    Section : SCH Library - 632723130112.SchLib
        Section : Parsing Messages
            Warning - 1 : Skipping Token padStyleDef On Line 9
            Warning - 1 : Skipping Token padStyleDef On Line 21
            Warning - 1 : Skipping Token padStyleDef On Line 33
            Warning - 1 : Skipping Token padStyleDef On Line 45
            Warning - 1 : Skipping Token padStyleDef On Line 57
            Warning - 1 : Skipping Token padStyleDef On Line 69
            Warning - 1 : Skipping Token multiLayer On Line 143
            Warning - 1 : Skipping Token layerContents On Line 175
            Warning - 1 : Skipping Token layerContents On Line 180
            Warning - 1 : Skipping Token layerContents On Line 442
            Warning - 1 : Skipping Token layerContents On Line 728
            Warning - 1 : Skipping Token layerContents On Line 1014
            Warning - 1 : Skipping Token layerContents On Line 1341
            Warning - 1 : Skipping Token layerContents On Line 1361
            Warning - 1 : Skipping Token isVisible On Line 2153
        EndSection

        Section : Generating SCH Library - 632723130112.SchLib
            Warning - 0 : PCAD Pattern Graphics [*632723130112][Primary] associated with PCAD Component [632723130112] has been renamed to PCB FootPrint [*632723130112_632723130112(Primary)].
        EndSection
    EndSection
EndSection
